Time resolution is 1 ps
IDLE
IDLE
IDLE
START
CURRENT_VAL 0
CURRENT_VAL 1
CURRENT_VAL 0
CURRENT_VAL 1
CURRENT_VAL 1
CURRENT_VAL 0
CURRENT_VAL 1
CURRENT_VAL 0
END
START
CURRENT_VAL 1
CURRENT_VAL 0
CURRENT_VAL 0
CURRENT_VAL 0
CURRENT_VAL 0
CURRENT_VAL 1
CURRENT_VAL 1
CURRENT_VAL 0
END
START
CURRENT_VAL 1
CURRENT_VAL 0
CURRENT_VAL 0
CURRENT_VAL 1
CURRENT_VAL 0
CURRENT_VAL 1
CURRENT_VAL 1
CURRENT_VAL 0
END
START
CURRENT_VAL 0
CURRENT_VAL 0
CURRENT_VAL 1
CURRENT_VAL 0
CURRENT_VAL 0
CURRENT_VAL 1
CURRENT_VAL 1
CURRENT_VAL 0
END
START
CURRENT_VAL 0
CURRENT_VAL 0
CURRENT_VAL 0
CURRENT_VAL 0
CURRENT_VAL 0
CURRENT_VAL 1
CURRENT_VAL 0
CURRENT_VAL 0
END
START
CURRENT_VAL 1
CURRENT_VAL 0
CURRENT_VAL 0
CURRENT_VAL 1
CURRENT_VAL 1
CURRENT_VAL 0
CURRENT_VAL 1
CURRENT_VAL 0
END
START
CURRENT_VAL 1
CURRENT_VAL 0
CURRENT_VAL 0
CURRENT_VAL 0
CURRENT_VAL 0
CURRENT_VAL 1
CURRENT_VAL 1
CURRENT_VAL 0
END
START
CURRENT_VAL 1
CURRENT_VAL 1
CURRENT_VAL 0
CURRENT_VAL 0
CURRENT_VAL 1
CURRENT_VAL 1
CURRENT_VAL 1
CURRENT_VAL 0
END
START
CURRENT_VAL 1
CURRENT_VAL 0
CURRENT_VAL 0
CURRENT_VAL 1
CURRENT_VAL 0
CURRENT_VAL 1
CURRENT_VAL 1
CURRENT_VAL 0
END
START
CURRENT_VAL 0
CURRENT_VAL 1
CURRENT_VAL 1
CURRENT_VAL 1
CURRENT_VAL 0
CURRENT_VAL 1
CURRENT_VAL 1
CURRENT_VAL 0
END
START
CURRENT_VAL 0
CURRENT_VAL 0
CURRENT_VAL 0
CURRENT_VAL 0
CURRENT_VAL 0
CURRENT_VAL 1
CURRENT_VAL 0
CURRENT_VAL 0
END
START
CURRENT_VAL 0
CURRENT_VAL 1
CURRENT_VAL 1
CURRENT_VAL 1
CURRENT_VAL 1
CURRENT_VAL 0
CURRENT_VAL 1
CURRENT_VAL 0
END
START
CURRENT_VAL 1
CURRENT_VAL 1
CURRENT_VAL 1
CURRENT_VAL 1
CURRENT_VAL 1
CURRENT_VAL 0
CURRENT_VAL 1
CURRENT_VAL 0
END
START
CURRENT_VAL 1
CURRENT_VAL 1
CURRENT_VAL 1
CURRENT_VAL 1
CURRENT_VAL 1
CURRENT_VAL 0
CURRENT_VAL 1
$finish called at time : 1410 ns : File "C:/Users/z434/OneDrive/Documents/Vivado Projects/COMPE470L/Lab_4_REAL/LAB_4_REAL/LAB_4_REAL.srcs/sim_1/new/DATA_TB.v" Line 37
