
*** Running vivado
    with args -log top.vds -m64 -product Vivado -mode batch -messageDb vivado.pb -notrace -source top.tcl



****** Vivado v2022.2 (64-bit)
  **** SW Build 3671981 on Fri Oct 14 05:00:03 MDT 2022
  **** IP Build 3669848 on Fri Oct 14 08:30:02 MDT 2022
    ** Copyright 1986-2022 Xilinx, Inc. All Rights Reserved.

source top.tcl -notrace
create_project: Time (s): cpu = 00:00:02 ; elapsed = 00:00:06 . Memory (MB): peak = 1003.848 ; gain = 117.770
Command: read_checkpoint -auto_incremental -incremental {C:/Users/z434/OneDrive/Documents/Vivado Projects/COMPE470L/Lab_5/LAB5/LAB5.srcs/utils_1/imports/synth_1/top.dcp}
INFO: [Vivado 12-5825] Read reference checkpoint from C:/Users/z434/OneDrive/Documents/Vivado Projects/COMPE470L/Lab_5/LAB5/LAB5.srcs/utils_1/imports/synth_1/top.dcp for incremental synthesis
INFO: [Vivado 12-7989] Please ensure there are no constraint changes
Command: synth_design -top top -part xc7a35tcpg236-2
Starting synth_design
Attempting to get a license for feature 'Synthesis' and/or device 'xc7a35t'
INFO: [Common 17-349] Got license for feature 'Synthesis' and/or device 'xc7a35t'
INFO: [Device 21-403] Loading part xc7a35tcpg236-2
INFO: [Designutils 20-5440] No compile time benefit to using incremental synthesis; A full resynthesis will be run
INFO: [Designutils 20-4379] Flow is switching to default flow due to incremental criteria not met. If you would like to alter this behaviour and have the flow terminate instead, please set the following parameter config_implementation {autoIncr.Synth.RejectBehavior Terminate}
INFO: [Synth 8-7079] Multithreading enabled for synth_design using a maximum of 2 processes.
INFO: [Synth 8-7078] Launching helper process for spawning children vivado processes
INFO: [Synth 8-7075] Helper process launched with PID 48688
INFO: [Synth 8-11241] undeclared symbol 'REGCCE', assumed default net type 'wire' [C:/Xilinx/Vivado/2022.2/data/verilog/src/unimacro/BRAM_SINGLE_MACRO.v:2170]
---------------------------------------------------------------------------------
Starting RTL Elaboration : Time (s): cpu = 00:00:02 ; elapsed = 00:00:07 . Memory (MB): peak = 1814.859 ; gain = 409.570
---------------------------------------------------------------------------------
INFO: [Synth 8-6157] synthesizing module 'top' [C:/Users/z434/OneDrive/Documents/Vivado Projects/COMPE470L/Lab_5/LAB5/LAB5.srcs/sources_1/new/top_.v:23]
INFO: [Synth 8-6157] synthesizing module 'clk_div' [C:/Users/z434/OneDrive/Documents/Vivado Projects/COMPE470L/Lab_4_REAL/LAB_4_REAL/LAB_4_REAL.srcs/sources_1/new/top.v:103]
INFO: [Synth 8-6155] done synthesizing module 'clk_div' (0#1) [C:/Users/z434/OneDrive/Documents/Vivado Projects/COMPE470L/Lab_4_REAL/LAB_4_REAL/LAB_4_REAL.srcs/sources_1/new/top.v:103]
INFO: [Synth 8-6157] synthesizing module 'clk_div__parameterized0' [C:/Users/z434/OneDrive/Documents/Vivado Projects/COMPE470L/Lab_4_REAL/LAB_4_REAL/LAB_4_REAL.srcs/sources_1/new/top.v:103]
	Parameter SCALE bound to: 2 - type: integer 
INFO: [Synth 8-6155] done synthesizing module 'clk_div__parameterized0' (0#1) [C:/Users/z434/OneDrive/Documents/Vivado Projects/COMPE470L/Lab_4_REAL/LAB_4_REAL/LAB_4_REAL.srcs/sources_1/new/top.v:103]
INFO: [Synth 8-6155] done synthesizing module 'top' (0#1) [C:/Users/z434/OneDrive/Documents/Vivado Projects/COMPE470L/Lab_5/LAB5/LAB5.srcs/sources_1/new/top_.v:23]
WARNING: [Synth 8-3917] design top has port RsTx driven by constant 1
WARNING: [Synth 8-7129] Port RsRx in module top is either unconnected or has no load
WARNING: [Synth 8-7129] Port sw[0] in module top is either unconnected or has no load
WARNING: [Synth 8-7129] Port sw[1] in module top is either unconnected or has no load
WARNING: [Synth 8-7129] Port sw[2] in module top is either unconnected or has no load
WARNING: [Synth 8-7129] Port sw[3] in module top is either unconnected or has no load
WARNING: [Synth 8-7129] Port sw[4] in module top is either unconnected or has no load
WARNING: [Synth 8-7129] Port sw[5] in module top is either unconnected or has no load
WARNING: [Synth 8-7129] Port sw[6] in module top is either unconnected or has no load
WARNING: [Synth 8-7129] Port sw[7] in module top is either unconnected or has no load
---------------------------------------------------------------------------------
Finished RTL Elaboration : Time (s): cpu = 00:00:02 ; elapsed = 00:00:10 . Memory (MB): peak = 1904.992 ; gain = 499.703
---------------------------------------------------------------------------------
---------------------------------------------------------------------------------
Start Handling Custom Attributes
---------------------------------------------------------------------------------
---------------------------------------------------------------------------------
Finished Handling Custom Attributes : Time (s): cpu = 00:00:02 ; elapsed = 00:00:10 . Memory (MB): peak = 1904.992 ; gain = 499.703
---------------------------------------------------------------------------------
---------------------------------------------------------------------------------
Finished RTL Optimization Phase 1 : Time (s): cpu = 00:00:02 ; elapsed = 00:00:10 . Memory (MB): peak = 1904.992 ; gain = 499.703
---------------------------------------------------------------------------------
Netlist sorting complete. Time (s): cpu = 00:00:00 ; elapsed = 00:00:00.002 . Memory (MB): peak = 1904.992 ; gain = 0.000
INFO: [Project 1-570] Preparing netlist for logic optimization

Processing XDC Constraints
Initializing timing engine
Parsing XDC File [C:/Users/z434/OneDrive/Documents/Vivado Projects/COMPE470L/Lab_5/LAB5/LAB5.srcs/constrs_1/new/Basys3_Master.xdc]
CRITICAL WARNING: [Designutils 20-970] Unrecognized or unsupported command '//*' found in constraint file. [C:/Users/z434/OneDrive/Documents/Vivado Projects/COMPE470L/Lab_5/LAB5/LAB5.srcs/constrs_1/new/Basys3_Master.xdc:47]
WARNING: [Vivado 12-584] No ports matched 'LED[0]'. [C:/Users/z434/OneDrive/Documents/Vivado Projects/COMPE470L/Lab_5/LAB5/LAB5.srcs/constrs_1/new/Basys3_Master.xdc:48]
CRITICAL WARNING: [Common 17-55] 'set_property' expects at least one object. [C:/Users/z434/OneDrive/Documents/Vivado Projects/COMPE470L/Lab_5/LAB5/LAB5.srcs/constrs_1/new/Basys3_Master.xdc:48]
Resolution: If [get_<value>] was used to populate the object, check to make sure this command returns at least one valid object.
WARNING: [Vivado 12-584] No ports matched 'LED[0]'. [C:/Users/z434/OneDrive/Documents/Vivado Projects/COMPE470L/Lab_5/LAB5/LAB5.srcs/constrs_1/new/Basys3_Master.xdc:49]
CRITICAL WARNING: [Common 17-55] 'set_property' expects at least one object. [C:/Users/z434/OneDrive/Documents/Vivado Projects/COMPE470L/Lab_5/LAB5/LAB5.srcs/constrs_1/new/Basys3_Master.xdc:49]
Resolution: If [get_<value>] was used to populate the object, check to make sure this command returns at least one valid object.
WARNING: [Vivado 12-584] No ports matched 'LED[1]'. [C:/Users/z434/OneDrive/Documents/Vivado Projects/COMPE470L/Lab_5/LAB5/LAB5.srcs/constrs_1/new/Basys3_Master.xdc:50]
CRITICAL WARNING: [Common 17-55] 'set_property' expects at least one object. [C:/Users/z434/OneDrive/Documents/Vivado Projects/COMPE470L/Lab_5/LAB5/LAB5.srcs/constrs_1/new/Basys3_Master.xdc:50]
Resolution: If [get_<value>] was used to populate the object, check to make sure this command returns at least one valid object.
WARNING: [Vivado 12-584] No ports matched 'LED[1]'. [C:/Users/z434/OneDrive/Documents/Vivado Projects/COMPE470L/Lab_5/LAB5/LAB5.srcs/constrs_1/new/Basys3_Master.xdc:51]
CRITICAL WARNING: [Common 17-55] 'set_property' expects at least one object. [C:/Users/z434/OneDrive/Documents/Vivado Projects/COMPE470L/Lab_5/LAB5/LAB5.srcs/constrs_1/new/Basys3_Master.xdc:51]
Resolution: If [get_<value>] was used to populate the object, check to make sure this command returns at least one valid object.
WARNING: [Vivado 12-584] No ports matched 'LED[2]'. [C:/Users/z434/OneDrive/Documents/Vivado Projects/COMPE470L/Lab_5/LAB5/LAB5.srcs/constrs_1/new/Basys3_Master.xdc:52]
CRITICAL WARNING: [Common 17-55] 'set_property' expects at least one object. [C:/Users/z434/OneDrive/Documents/Vivado Projects/COMPE470L/Lab_5/LAB5/LAB5.srcs/constrs_1/new/Basys3_Master.xdc:52]
Resolution: If [get_<value>] was used to populate the object, check to make sure this command returns at least one valid object.
WARNING: [Vivado 12-584] No ports matched 'LED[2]'. [C:/Users/z434/OneDrive/Documents/Vivado Projects/COMPE470L/Lab_5/LAB5/LAB5.srcs/constrs_1/new/Basys3_Master.xdc:53]
CRITICAL WARNING: [Common 17-55] 'set_property' expects at least one object. [C:/Users/z434/OneDrive/Documents/Vivado Projects/COMPE470L/Lab_5/LAB5/LAB5.srcs/constrs_1/new/Basys3_Master.xdc:53]
Resolution: If [get_<value>] was used to populate the object, check to make sure this command returns at least one valid object.
WARNING: [Vivado 12-584] No ports matched 'LED[3]'. [C:/Users/z434/OneDrive/Documents/Vivado Projects/COMPE470L/Lab_5/LAB5/LAB5.srcs/constrs_1/new/Basys3_Master.xdc:54]
CRITICAL WARNING: [Common 17-55] 'set_property' expects at least one object. [C:/Users/z434/OneDrive/Documents/Vivado Projects/COMPE470L/Lab_5/LAB5/LAB5.srcs/constrs_1/new/Basys3_Master.xdc:54]
Resolution: If [get_<value>] was used to populate the object, check to make sure this command returns at least one valid object.
WARNING: [Vivado 12-584] No ports matched 'LED[3]'. [C:/Users/z434/OneDrive/Documents/Vivado Projects/COMPE470L/Lab_5/LAB5/LAB5.srcs/constrs_1/new/Basys3_Master.xdc:55]
CRITICAL WARNING: [Common 17-55] 'set_property' expects at least one object. [C:/Users/z434/OneDrive/Documents/Vivado Projects/COMPE470L/Lab_5/LAB5/LAB5.srcs/constrs_1/new/Basys3_Master.xdc:55]
Resolution: If [get_<value>] was used to populate the object, check to make sure this command returns at least one valid object.
WARNING: [Vivado 12-584] No ports matched 'LED[4]'. [C:/Users/z434/OneDrive/Documents/Vivado Projects/COMPE470L/Lab_5/LAB5/LAB5.srcs/constrs_1/new/Basys3_Master.xdc:56]
CRITICAL WARNING: [Common 17-55] 'set_property' expects at least one object. [C:/Users/z434/OneDrive/Documents/Vivado Projects/COMPE470L/Lab_5/LAB5/LAB5.srcs/constrs_1/new/Basys3_Master.xdc:56]
Resolution: If [get_<value>] was used to populate the object, check to make sure this command returns at least one valid object.
WARNING: [Vivado 12-584] No ports matched 'LED[4]'. [C:/Users/z434/OneDrive/Documents/Vivado Projects/COMPE470L/Lab_5/LAB5/LAB5.srcs/constrs_1/new/Basys3_Master.xdc:57]
CRITICAL WARNING: [Common 17-55] 'set_property' expects at least one object. [C:/Users/z434/OneDrive/Documents/Vivado Projects/COMPE470L/Lab_5/LAB5/LAB5.srcs/constrs_1/new/Basys3_Master.xdc:57]
Resolution: If [get_<value>] was used to populate the object, check to make sure this command returns at least one valid object.
WARNING: [Vivado 12-584] No ports matched 'LED[5]'. [C:/Users/z434/OneDrive/Documents/Vivado Projects/COMPE470L/Lab_5/LAB5/LAB5.srcs/constrs_1/new/Basys3_Master.xdc:58]
CRITICAL WARNING: [Common 17-55] 'set_property' expects at least one object. [C:/Users/z434/OneDrive/Documents/Vivado Projects/COMPE470L/Lab_5/LAB5/LAB5.srcs/constrs_1/new/Basys3_Master.xdc:58]
Resolution: If [get_<value>] was used to populate the object, check to make sure this command returns at least one valid object.
WARNING: [Vivado 12-584] No ports matched 'LED[5]'. [C:/Users/z434/OneDrive/Documents/Vivado Projects/COMPE470L/Lab_5/LAB5/LAB5.srcs/constrs_1/new/Basys3_Master.xdc:59]
CRITICAL WARNING: [Common 17-55] 'set_property' expects at least one object. [C:/Users/z434/OneDrive/Documents/Vivado Projects/COMPE470L/Lab_5/LAB5/LAB5.srcs/constrs_1/new/Basys3_Master.xdc:59]
Resolution: If [get_<value>] was used to populate the object, check to make sure this command returns at least one valid object.
WARNING: [Vivado 12-584] No ports matched 'LED[6]'. [C:/Users/z434/OneDrive/Documents/Vivado Projects/COMPE470L/Lab_5/LAB5/LAB5.srcs/constrs_1/new/Basys3_Master.xdc:60]
CRITICAL WARNING: [Common 17-55] 'set_property' expects at least one object. [C:/Users/z434/OneDrive/Documents/Vivado Projects/COMPE470L/Lab_5/LAB5/LAB5.srcs/constrs_1/new/Basys3_Master.xdc:60]
Resolution: If [get_<value>] was used to populate the object, check to make sure this command returns at least one valid object.
WARNING: [Vivado 12-584] No ports matched 'LED[6]'. [C:/Users/z434/OneDrive/Documents/Vivado Projects/COMPE470L/Lab_5/LAB5/LAB5.srcs/constrs_1/new/Basys3_Master.xdc:61]
CRITICAL WARNING: [Common 17-55] 'set_property' expects at least one object. [C:/Users/z434/OneDrive/Documents/Vivado Projects/COMPE470L/Lab_5/LAB5/LAB5.srcs/constrs_1/new/Basys3_Master.xdc:61]
Resolution: If [get_<value>] was used to populate the object, check to make sure this command returns at least one valid object.
WARNING: [Vivado 12-584] No ports matched 'LED[7]'. [C:/Users/z434/OneDrive/Documents/Vivado Projects/COMPE470L/Lab_5/LAB5/LAB5.srcs/constrs_1/new/Basys3_Master.xdc:62]
CRITICAL WARNING: [Common 17-55] 'set_property' expects at least one object. [C:/Users/z434/OneDrive/Documents/Vivado Projects/COMPE470L/Lab_5/LAB5/LAB5.srcs/constrs_1/new/Basys3_Master.xdc:62]
Resolution: If [get_<value>] was used to populate the object, check to make sure this command returns at least one valid object.
WARNING: [Vivado 12-584] No ports matched 'LED[7]'. [C:/Users/z434/OneDrive/Documents/Vivado Projects/COMPE470L/Lab_5/LAB5/LAB5.srcs/constrs_1/new/Basys3_Master.xdc:63]
CRITICAL WARNING: [Common 17-55] 'set_property' expects at least one object. [C:/Users/z434/OneDrive/Documents/Vivado Projects/COMPE470L/Lab_5/LAB5/LAB5.srcs/constrs_1/new/Basys3_Master.xdc:63]
Resolution: If [get_<value>] was used to populate the object, check to make sure this command returns at least one valid object.
WARNING: [Vivado 12-584] No ports matched 'LED[8]'. [C:/Users/z434/OneDrive/Documents/Vivado Projects/COMPE470L/Lab_5/LAB5/LAB5.srcs/constrs_1/new/Basys3_Master.xdc:64]
CRITICAL WARNING: [Common 17-55] 'set_property' expects at least one object. [C:/Users/z434/OneDrive/Documents/Vivado Projects/COMPE470L/Lab_5/LAB5/LAB5.srcs/constrs_1/new/Basys3_Master.xdc:64]
Resolution: If [get_<value>] was used to populate the object, check to make sure this command returns at least one valid object.
WARNING: [Vivado 12-584] No ports matched 'LED[8]'. [C:/Users/z434/OneDrive/Documents/Vivado Projects/COMPE470L/Lab_5/LAB5/LAB5.srcs/constrs_1/new/Basys3_Master.xdc:65]
CRITICAL WARNING: [Common 17-55] 'set_property' expects at least one object. [C:/Users/z434/OneDrive/Documents/Vivado Projects/COMPE470L/Lab_5/LAB5/LAB5.srcs/constrs_1/new/Basys3_Master.xdc:65]
Resolution: If [get_<value>] was used to populate the object, check to make sure this command returns at least one valid object.
WARNING: [Vivado 12-584] No ports matched 'LED[9]'. [C:/Users/z434/OneDrive/Documents/Vivado Projects/COMPE470L/Lab_5/LAB5/LAB5.srcs/constrs_1/new/Basys3_Master.xdc:66]
CRITICAL WARNING: [Common 17-55] 'set_property' expects at least one object. [C:/Users/z434/OneDrive/Documents/Vivado Projects/COMPE470L/Lab_5/LAB5/LAB5.srcs/constrs_1/new/Basys3_Master.xdc:66]
Resolution: If [get_<value>] was used to populate the object, check to make sure this command returns at least one valid object.
WARNING: [Vivado 12-584] No ports matched 'LED[9]'. [C:/Users/z434/OneDrive/Documents/Vivado Projects/COMPE470L/Lab_5/LAB5/LAB5.srcs/constrs_1/new/Basys3_Master.xdc:67]
CRITICAL WARNING: [Common 17-55] 'set_property' expects at least one object. [C:/Users/z434/OneDrive/Documents/Vivado Projects/COMPE470L/Lab_5/LAB5/LAB5.srcs/constrs_1/new/Basys3_Master.xdc:67]
Resolution: If [get_<value>] was used to populate the object, check to make sure this command returns at least one valid object.
WARNING: [Vivado 12-584] No ports matched 'LED[10]'. [C:/Users/z434/OneDrive/Documents/Vivado Projects/COMPE470L/Lab_5/LAB5/LAB5.srcs/constrs_1/new/Basys3_Master.xdc:68]
CRITICAL WARNING: [Common 17-55] 'set_property' expects at least one object. [C:/Users/z434/OneDrive/Documents/Vivado Projects/COMPE470L/Lab_5/LAB5/LAB5.srcs/constrs_1/new/Basys3_Master.xdc:68]
Resolution: If [get_<value>] was used to populate the object, check to make sure this command returns at least one valid object.
WARNING: [Vivado 12-584] No ports matched 'LED[10]'. [C:/Users/z434/OneDrive/Documents/Vivado Projects/COMPE470L/Lab_5/LAB5/LAB5.srcs/constrs_1/new/Basys3_Master.xdc:69]
CRITICAL WARNING: [Common 17-55] 'set_property' expects at least one object. [C:/Users/z434/OneDrive/Documents/Vivado Projects/COMPE470L/Lab_5/LAB5/LAB5.srcs/constrs_1/new/Basys3_Master.xdc:69]
Resolution: If [get_<value>] was used to populate the object, check to make sure this command returns at least one valid object.
WARNING: [Vivado 12-584] No ports matched 'LED[11]'. [C:/Users/z434/OneDrive/Documents/Vivado Projects/COMPE470L/Lab_5/LAB5/LAB5.srcs/constrs_1/new/Basys3_Master.xdc:70]
CRITICAL WARNING: [Common 17-55] 'set_property' expects at least one object. [C:/Users/z434/OneDrive/Documents/Vivado Projects/COMPE470L/Lab_5/LAB5/LAB5.srcs/constrs_1/new/Basys3_Master.xdc:70]
Resolution: If [get_<value>] was used to populate the object, check to make sure this command returns at least one valid object.
WARNING: [Vivado 12-584] No ports matched 'LED[11]'. [C:/Users/z434/OneDrive/Documents/Vivado Projects/COMPE470L/Lab_5/LAB5/LAB5.srcs/constrs_1/new/Basys3_Master.xdc:71]
CRITICAL WARNING: [Common 17-55] 'set_property' expects at least one object. [C:/Users/z434/OneDrive/Documents/Vivado Projects/COMPE470L/Lab_5/LAB5/LAB5.srcs/constrs_1/new/Basys3_Master.xdc:71]
Resolution: If [get_<value>] was used to populate the object, check to make sure this command returns at least one valid object.
WARNING: [Vivado 12-584] No ports matched 'LED[12]'. [C:/Users/z434/OneDrive/Documents/Vivado Projects/COMPE470L/Lab_5/LAB5/LAB5.srcs/constrs_1/new/Basys3_Master.xdc:72]
CRITICAL WARNING: [Common 17-55] 'set_property' expects at least one object. [C:/Users/z434/OneDrive/Documents/Vivado Projects/COMPE470L/Lab_5/LAB5/LAB5.srcs/constrs_1/new/Basys3_Master.xdc:72]
Resolution: If [get_<value>] was used to populate the object, check to make sure this command returns at least one valid object.
WARNING: [Vivado 12-584] No ports matched 'LED[12]'. [C:/Users/z434/OneDrive/Documents/Vivado Projects/COMPE470L/Lab_5/LAB5/LAB5.srcs/constrs_1/new/Basys3_Master.xdc:73]
CRITICAL WARNING: [Common 17-55] 'set_property' expects at least one object. [C:/Users/z434/OneDrive/Documents/Vivado Projects/COMPE470L/Lab_5/LAB5/LAB5.srcs/constrs_1/new/Basys3_Master.xdc:73]
Resolution: If [get_<value>] was used to populate the object, check to make sure this command returns at least one valid object.
WARNING: [Vivado 12-584] No ports matched 'LED[13]'. [C:/Users/z434/OneDrive/Documents/Vivado Projects/COMPE470L/Lab_5/LAB5/LAB5.srcs/constrs_1/new/Basys3_Master.xdc:74]
CRITICAL WARNING: [Common 17-55] 'set_property' expects at least one object. [C:/Users/z434/OneDrive/Documents/Vivado Projects/COMPE470L/Lab_5/LAB5/LAB5.srcs/constrs_1/new/Basys3_Master.xdc:74]
Resolution: If [get_<value>] was used to populate the object, check to make sure this command returns at least one valid object.
WARNING: [Vivado 12-584] No ports matched 'LED[13]'. [C:/Users/z434/OneDrive/Documents/Vivado Projects/COMPE470L/Lab_5/LAB5/LAB5.srcs/constrs_1/new/Basys3_Master.xdc:75]
CRITICAL WARNING: [Common 17-55] 'set_property' expects at least one object. [C:/Users/z434/OneDrive/Documents/Vivado Projects/COMPE470L/Lab_5/LAB5/LAB5.srcs/constrs_1/new/Basys3_Master.xdc:75]
Resolution: If [get_<value>] was used to populate the object, check to make sure this command returns at least one valid object.
WARNING: [Vivado 12-584] No ports matched 'LED[14]'. [C:/Users/z434/OneDrive/Documents/Vivado Projects/COMPE470L/Lab_5/LAB5/LAB5.srcs/constrs_1/new/Basys3_Master.xdc:76]
CRITICAL WARNING: [Common 17-55] 'set_property' expects at least one object. [C:/Users/z434/OneDrive/Documents/Vivado Projects/COMPE470L/Lab_5/LAB5/LAB5.srcs/constrs_1/new/Basys3_Master.xdc:76]
Resolution: If [get_<value>] was used to populate the object, check to make sure this command returns at least one valid object.
WARNING: [Vivado 12-584] No ports matched 'LED[14]'. [C:/Users/z434/OneDrive/Documents/Vivado Projects/COMPE470L/Lab_5/LAB5/LAB5.srcs/constrs_1/new/Basys3_Master.xdc:77]
CRITICAL WARNING: [Common 17-55] 'set_property' expects at least one object. [C:/Users/z434/OneDrive/Documents/Vivado Projects/COMPE470L/Lab_5/LAB5/LAB5.srcs/constrs_1/new/Basys3_Master.xdc:77]
Resolution: If [get_<value>] was used to populate the object, check to make sure this command returns at least one valid object.
WARNING: [Vivado 12-584] No ports matched 'LED[15]'. [C:/Users/z434/OneDrive/Documents/Vivado Projects/COMPE470L/Lab_5/LAB5/LAB5.srcs/constrs_1/new/Basys3_Master.xdc:78]
CRITICAL WARNING: [Common 17-55] 'set_property' expects at least one object. [C:/Users/z434/OneDrive/Documents/Vivado Projects/COMPE470L/Lab_5/LAB5/LAB5.srcs/constrs_1/new/Basys3_Master.xdc:78]
Resolution: If [get_<value>] was used to populate the object, check to make sure this command returns at least one valid object.
WARNING: [Vivado 12-584] No ports matched 'LED[15]'. [C:/Users/z434/OneDrive/Documents/Vivado Projects/COMPE470L/Lab_5/LAB5/LAB5.srcs/constrs_1/new/Basys3_Master.xdc:79]
CRITICAL WARNING: [Common 17-55] 'set_property' expects at least one object. [C:/Users/z434/OneDrive/Documents/Vivado Projects/COMPE470L/Lab_5/LAB5/LAB5.srcs/constrs_1/new/Basys3_Master.xdc:79]
Resolution: If [get_<value>] was used to populate the object, check to make sure this command returns at least one valid object.
WARNING: [Vivado 12-584] No ports matched 'vauxp6'. [C:/Users/z434/OneDrive/Documents/Vivado Projects/COMPE470L/Lab_5/LAB5/LAB5.srcs/constrs_1/new/Basys3_Master.xdc:181]
CRITICAL WARNING: [Common 17-55] 'set_property' expects at least one object. [C:/Users/z434/OneDrive/Documents/Vivado Projects/COMPE470L/Lab_5/LAB5/LAB5.srcs/constrs_1/new/Basys3_Master.xdc:181]
Resolution: If [get_<value>] was used to populate the object, check to make sure this command returns at least one valid object.
WARNING: [Vivado 12-584] No ports matched 'vauxp6'. [C:/Users/z434/OneDrive/Documents/Vivado Projects/COMPE470L/Lab_5/LAB5/LAB5.srcs/constrs_1/new/Basys3_Master.xdc:182]
CRITICAL WARNING: [Common 17-55] 'set_property' expects at least one object. [C:/Users/z434/OneDrive/Documents/Vivado Projects/COMPE470L/Lab_5/LAB5/LAB5.srcs/constrs_1/new/Basys3_Master.xdc:182]
Resolution: If [get_<value>] was used to populate the object, check to make sure this command returns at least one valid object.
WARNING: [Vivado 12-584] No ports matched 'vauxp14'. [C:/Users/z434/OneDrive/Documents/Vivado Projects/COMPE470L/Lab_5/LAB5/LAB5.srcs/constrs_1/new/Basys3_Master.xdc:184]
CRITICAL WARNING: [Common 17-55] 'set_property' expects at least one object. [C:/Users/z434/OneDrive/Documents/Vivado Projects/COMPE470L/Lab_5/LAB5/LAB5.srcs/constrs_1/new/Basys3_Master.xdc:184]
Resolution: If [get_<value>] was used to populate the object, check to make sure this command returns at least one valid object.
WARNING: [Vivado 12-584] No ports matched 'vauxp14'. [C:/Users/z434/OneDrive/Documents/Vivado Projects/COMPE470L/Lab_5/LAB5/LAB5.srcs/constrs_1/new/Basys3_Master.xdc:185]
CRITICAL WARNING: [Common 17-55] 'set_property' expects at least one object. [C:/Users/z434/OneDrive/Documents/Vivado Projects/COMPE470L/Lab_5/LAB5/LAB5.srcs/constrs_1/new/Basys3_Master.xdc:185]
Resolution: If [get_<value>] was used to populate the object, check to make sure this command returns at least one valid object.
WARNING: [Vivado 12-584] No ports matched 'vauxp7'. [C:/Users/z434/OneDrive/Documents/Vivado Projects/COMPE470L/Lab_5/LAB5/LAB5.srcs/constrs_1/new/Basys3_Master.xdc:187]
CRITICAL WARNING: [Common 17-55] 'set_property' expects at least one object. [C:/Users/z434/OneDrive/Documents/Vivado Projects/COMPE470L/Lab_5/LAB5/LAB5.srcs/constrs_1/new/Basys3_Master.xdc:187]
Resolution: If [get_<value>] was used to populate the object, check to make sure this command returns at least one valid object.
WARNING: [Vivado 12-584] No ports matched 'vauxp7'. [C:/Users/z434/OneDrive/Documents/Vivado Projects/COMPE470L/Lab_5/LAB5/LAB5.srcs/constrs_1/new/Basys3_Master.xdc:188]
CRITICAL WARNING: [Common 17-55] 'set_property' expects at least one object. [C:/Users/z434/OneDrive/Documents/Vivado Projects/COMPE470L/Lab_5/LAB5/LAB5.srcs/constrs_1/new/Basys3_Master.xdc:188]
Resolution: If [get_<value>] was used to populate the object, check to make sure this command returns at least one valid object.
WARNING: [Vivado 12-584] No ports matched 'vauxp15'. [C:/Users/z434/OneDrive/Documents/Vivado Projects/COMPE470L/Lab_5/LAB5/LAB5.srcs/constrs_1/new/Basys3_Master.xdc:190]
CRITICAL WARNING: [Common 17-55] 'set_property' expects at least one object. [C:/Users/z434/OneDrive/Documents/Vivado Projects/COMPE470L/Lab_5/LAB5/LAB5.srcs/constrs_1/new/Basys3_Master.xdc:190]
Resolution: If [get_<value>] was used to populate the object, check to make sure this command returns at least one valid object.
WARNING: [Vivado 12-584] No ports matched 'vauxp15'. [C:/Users/z434/OneDrive/Documents/Vivado Projects/COMPE470L/Lab_5/LAB5/LAB5.srcs/constrs_1/new/Basys3_Master.xdc:191]
CRITICAL WARNING: [Common 17-55] 'set_property' expects at least one object. [C:/Users/z434/OneDrive/Documents/Vivado Projects/COMPE470L/Lab_5/LAB5/LAB5.srcs/constrs_1/new/Basys3_Master.xdc:191]
Resolution: If [get_<value>] was used to populate the object, check to make sure this command returns at least one valid object.
WARNING: [Vivado 12-584] No ports matched 'vauxn6'. [C:/Users/z434/OneDrive/Documents/Vivado Projects/COMPE470L/Lab_5/LAB5/LAB5.srcs/constrs_1/new/Basys3_Master.xdc:193]
CRITICAL WARNING: [Common 17-55] 'set_property' expects at least one object. [C:/Users/z434/OneDrive/Documents/Vivado Projects/COMPE470L/Lab_5/LAB5/LAB5.srcs/constrs_1/new/Basys3_Master.xdc:193]
Resolution: If [get_<value>] was used to populate the object, check to make sure this command returns at least one valid object.
WARNING: [Vivado 12-584] No ports matched 'vauxn6'. [C:/Users/z434/OneDrive/Documents/Vivado Projects/COMPE470L/Lab_5/LAB5/LAB5.srcs/constrs_1/new/Basys3_Master.xdc:194]
CRITICAL WARNING: [Common 17-55] 'set_property' expects at least one object. [C:/Users/z434/OneDrive/Documents/Vivado Projects/COMPE470L/Lab_5/LAB5/LAB5.srcs/constrs_1/new/Basys3_Master.xdc:194]
Resolution: If [get_<value>] was used to populate the object, check to make sure this command returns at least one valid object.
WARNING: [Vivado 12-584] No ports matched 'vauxn14'. [C:/Users/z434/OneDrive/Documents/Vivado Projects/COMPE470L/Lab_5/LAB5/LAB5.srcs/constrs_1/new/Basys3_Master.xdc:196]
CRITICAL WARNING: [Common 17-55] 'set_property' expects at least one object. [C:/Users/z434/OneDrive/Documents/Vivado Projects/COMPE470L/Lab_5/LAB5/LAB5.srcs/constrs_1/new/Basys3_Master.xdc:196]
Resolution: If [get_<value>] was used to populate the object, check to make sure this command returns at least one valid object.
WARNING: [Vivado 12-584] No ports matched 'vauxn14'. [C:/Users/z434/OneDrive/Documents/Vivado Projects/COMPE470L/Lab_5/LAB5/LAB5.srcs/constrs_1/new/Basys3_Master.xdc:197]
CRITICAL WARNING: [Common 17-55] 'set_property' expects at least one object. [C:/Users/z434/OneDrive/Documents/Vivado Projects/COMPE470L/Lab_5/LAB5/LAB5.srcs/constrs_1/new/Basys3_Master.xdc:197]
Resolution: If [get_<value>] was used to populate the object, check to make sure this command returns at least one valid object.
WARNING: [Vivado 12-584] No ports matched 'vauxn7'. [C:/Users/z434/OneDrive/Documents/Vivado Projects/COMPE470L/Lab_5/LAB5/LAB5.srcs/constrs_1/new/Basys3_Master.xdc:199]
CRITICAL WARNING: [Common 17-55] 'set_property' expects at least one object. [C:/Users/z434/OneDrive/Documents/Vivado Projects/COMPE470L/Lab_5/LAB5/LAB5.srcs/constrs_1/new/Basys3_Master.xdc:199]
Resolution: If [get_<value>] was used to populate the object, check to make sure this command returns at least one valid object.
WARNING: [Vivado 12-584] No ports matched 'vauxn7'. [C:/Users/z434/OneDrive/Documents/Vivado Projects/COMPE470L/Lab_5/LAB5/LAB5.srcs/constrs_1/new/Basys3_Master.xdc:200]
CRITICAL WARNING: [Common 17-55] 'set_property' expects at least one object. [C:/Users/z434/OneDrive/Documents/Vivado Projects/COMPE470L/Lab_5/LAB5/LAB5.srcs/constrs_1/new/Basys3_Master.xdc:200]
Resolution: If [get_<value>] was used to populate the object, check to make sure this command returns at least one valid object.
WARNING: [Vivado 12-584] No ports matched 'vauxn15'. [C:/Users/z434/OneDrive/Documents/Vivado Projects/COMPE470L/Lab_5/LAB5/LAB5.srcs/constrs_1/new/Basys3_Master.xdc:202]
CRITICAL WARNING: [Common 17-55] 'set_property' expects at least one object. [C:/Users/z434/OneDrive/Documents/Vivado Projects/COMPE470L/Lab_5/LAB5/LAB5.srcs/constrs_1/new/Basys3_Master.xdc:202]
Resolution: If [get_<value>] was used to populate the object, check to make sure this command returns at least one valid object.
WARNING: [Vivado 12-584] No ports matched 'vauxn15'. [C:/Users/z434/OneDrive/Documents/Vivado Projects/COMPE470L/Lab_5/LAB5/LAB5.srcs/constrs_1/new/Basys3_Master.xdc:203]
CRITICAL WARNING: [Common 17-55] 'set_property' expects at least one object. [C:/Users/z434/OneDrive/Documents/Vivado Projects/COMPE470L/Lab_5/LAB5/LAB5.srcs/constrs_1/new/Basys3_Master.xdc:203]
Resolution: If [get_<value>] was used to populate the object, check to make sure this command returns at least one valid object.
Finished Parsing XDC File [C:/Users/z434/OneDrive/Documents/Vivado Projects/COMPE470L/Lab_5/LAB5/LAB5.srcs/constrs_1/new/Basys3_Master.xdc]
INFO: [Project 1-236] Implementation specific constraints were found while reading constraint file [C:/Users/z434/OneDrive/Documents/Vivado Projects/COMPE470L/Lab_5/LAB5/LAB5.srcs/constrs_1/new/Basys3_Master.xdc]. These constraints will be ignored for synthesis but will be used in implementation. Impacted constraints are listed in the file [.Xil/top_propImpl.xdc].
Resolution: To avoid this warning, move constraints listed in [.Xil/top_propImpl.xdc] to another XDC file and exclude this new file from synthesis with the used_in_synthesis property (File Properties dialog in GUI) and re-run elaboration/synthesis.
Completed Processing XDC Constraints

Netlist sorting complete. Time (s): cpu = 00:00:00 ; elapsed = 00:00:00 . Memory (MB): peak = 1981.480 ; gain = 0.000
INFO: [Project 1-111] Unisim Transformation Summary:
No Unisim elements were transformed.

Constraint Validation Runtime : Time (s): cpu = 00:00:00 ; elapsed = 00:00:00.003 . Memory (MB): peak = 1981.480 ; gain = 0.000
INFO: [Designutils 20-5440] No compile time benefit to using incremental synthesis; A full resynthesis will be run
INFO: [Designutils 20-4379] Flow is switching to default flow due to incremental criteria not met. If you would like to alter this behaviour and have the flow terminate instead, please set the following parameter config_implementation {autoIncr.Synth.RejectBehavior Terminate}
INFO: [Synth 8-11241] undeclared symbol 'REGCCE', assumed default net type 'wire' [C:/Xilinx/Vivado/2022.2/data/verilog/src/unimacro/BRAM_SINGLE_MACRO.v:2170]
---------------------------------------------------------------------------------
Finished Constraint Validation : Time (s): cpu = 00:00:05 ; elapsed = 00:00:20 . Memory (MB): peak = 1981.480 ; gain = 576.191
---------------------------------------------------------------------------------
---------------------------------------------------------------------------------
Start Loading Part and Timing Information
---------------------------------------------------------------------------------
Loading part: xc7a35tcpg236-2
---------------------------------------------------------------------------------
Finished Loading Part and Timing Information : Time (s): cpu = 00:00:05 ; elapsed = 00:00:20 . Memory (MB): peak = 1981.480 ; gain = 576.191
---------------------------------------------------------------------------------
---------------------------------------------------------------------------------
Start Applying 'set_property' XDC Constraints
---------------------------------------------------------------------------------
---------------------------------------------------------------------------------
Finished applying 'set_property' XDC Constraints : Time (s): cpu = 00:00:05 ; elapsed = 00:00:20 . Memory (MB): peak = 1981.480 ; gain = 576.191
---------------------------------------------------------------------------------
---------------------------------------------------------------------------------
Finished RTL Optimization Phase 2 : Time (s): cpu = 00:00:05 ; elapsed = 00:00:21 . Memory (MB): peak = 1981.480 ; gain = 576.191
---------------------------------------------------------------------------------
---------------------------------------------------------------------------------
Start RTL Component Statistics 
---------------------------------------------------------------------------------
Detailed RTL Component Info : 
+---Registers : 
	                1 Bit    Registers := 2     
---------------------------------------------------------------------------------
Finished RTL Component Statistics 
---------------------------------------------------------------------------------
---------------------------------------------------------------------------------
Start Part Resource Summary
---------------------------------------------------------------------------------
Part Resources:
DSPs: 90 (col length:60)
BRAMs: 100 (col length: RAMB18 60 RAMB36 30)
---------------------------------------------------------------------------------
Finished Part Resource Summary
---------------------------------------------------------------------------------
---------------------------------------------------------------------------------
Start Cross Boundary and Area Optimization
---------------------------------------------------------------------------------
WARNING: [Synth 8-7080] Parallel synthesis criteria is not met
WARNING: [Synth 8-3330] design top has an empty top module
WARNING: [Synth 8-3917] design top has port RsTx driven by constant 1
WARNING: [Synth 8-7129] Port RsRx in module top is either unconnected or has no load
WARNING: [Synth 8-7129] Port sw[0] in module top is either unconnected or has no load
WARNING: [Synth 8-7129] Port sw[1] in module top is either unconnected or has no load
WARNING: [Synth 8-7129] Port sw[2] in module top is either unconnected or has no load
WARNING: [Synth 8-7129] Port sw[3] in module top is either unconnected or has no load
WARNING: [Synth 8-7129] Port sw[4] in module top is either unconnected or has no load
WARNING: [Synth 8-7129] Port sw[5] in module top is either unconnected or has no load
WARNING: [Synth 8-7129] Port sw[6] in module top is either unconnected or has no load
WARNING: [Synth 8-7129] Port sw[7] in module top is either unconnected or has no load
WARNING: [Synth 8-7129] Port CLK100MHZ in module top is either unconnected or has no load
---------------------------------------------------------------------------------
Finished Cross Boundary and Area Optimization : Time (s): cpu = 00:00:06 ; elapsed = 00:00:23 . Memory (MB): peak = 1981.480 ; gain = 576.191
---------------------------------------------------------------------------------
---------------------------------------------------------------------------------
Start Applying XDC Timing Constraints
---------------------------------------------------------------------------------
---------------------------------------------------------------------------------
Finished Applying XDC Timing Constraints : Time (s): cpu = 00:00:09 ; elapsed = 00:00:31 . Memory (MB): peak = 1981.480 ; gain = 576.191
---------------------------------------------------------------------------------
---------------------------------------------------------------------------------
Start Timing Optimization
---------------------------------------------------------------------------------
---------------------------------------------------------------------------------
Finished Timing Optimization : Time (s): cpu = 00:00:09 ; elapsed = 00:00:31 . Memory (MB): peak = 1981.480 ; gain = 576.191
---------------------------------------------------------------------------------
---------------------------------------------------------------------------------
Start Technology Mapping
---------------------------------------------------------------------------------
---------------------------------------------------------------------------------
Finished Technology Mapping : Time (s): cpu = 00:00:09 ; elapsed = 00:00:31 . Memory (MB): peak = 1981.480 ; gain = 576.191
---------------------------------------------------------------------------------
---------------------------------------------------------------------------------
Start IO Insertion
---------------------------------------------------------------------------------
---------------------------------------------------------------------------------
Start Flattening Before IO Insertion
---------------------------------------------------------------------------------
---------------------------------------------------------------------------------
Finished Flattening Before IO Insertion
---------------------------------------------------------------------------------
---------------------------------------------------------------------------------
Start Final Netlist Cleanup
---------------------------------------------------------------------------------
---------------------------------------------------------------------------------
Finished Final Netlist Cleanup
---------------------------------------------------------------------------------
---------------------------------------------------------------------------------
Finished IO Insertion : Time (s): cpu = 00:00:10 ; elapsed = 00:00:37 . Memory (MB): peak = 1981.480 ; gain = 576.191
---------------------------------------------------------------------------------
---------------------------------------------------------------------------------
Start Renaming Generated Instances
---------------------------------------------------------------------------------
---------------------------------------------------------------------------------
Finished Renaming Generated Instances : Time (s): cpu = 00:00:10 ; elapsed = 00:00:37 . Memory (MB): peak = 1981.480 ; gain = 576.191
---------------------------------------------------------------------------------
---------------------------------------------------------------------------------
Start Rebuilding User Hierarchy
---------------------------------------------------------------------------------
---------------------------------------------------------------------------------
Finished Rebuilding User Hierarchy : Time (s): cpu = 00:00:10 ; elapsed = 00:00:37 . Memory (MB): peak = 1981.480 ; gain = 576.191
---------------------------------------------------------------------------------
---------------------------------------------------------------------------------
Start Renaming Generated Ports
---------------------------------------------------------------------------------
---------------------------------------------------------------------------------
Finished Renaming Generated Ports : Time (s): cpu = 00:00:10 ; elapsed = 00:00:37 . Memory (MB): peak = 1981.480 ; gain = 576.191
---------------------------------------------------------------------------------
---------------------------------------------------------------------------------
Start Handling Custom Attributes
---------------------------------------------------------------------------------
---------------------------------------------------------------------------------
Finished Handling Custom Attributes : Time (s): cpu = 00:00:10 ; elapsed = 00:00:37 . Memory (MB): peak = 1981.480 ; gain = 576.191
---------------------------------------------------------------------------------
---------------------------------------------------------------------------------
Start Renaming Generated Nets
---------------------------------------------------------------------------------
---------------------------------------------------------------------------------
Finished Renaming Generated Nets : Time (s): cpu = 00:00:10 ; elapsed = 00:00:37 . Memory (MB): peak = 1981.480 ; gain = 576.191
---------------------------------------------------------------------------------
---------------------------------------------------------------------------------
Start Writing Synthesis Report
---------------------------------------------------------------------------------

Report BlackBoxes: 
+-+--------------+----------+
| |BlackBox name |Instances |
+-+--------------+----------+
+-+--------------+----------+

Report Cell Usage: 
+------+-----+------+
|      |Cell |Count |
+------+-----+------+
|1     |OBUF |     1|
+------+-----+------+
---------------------------------------------------------------------------------
Finished Writing Synthesis Report : Time (s): cpu = 00:00:10 ; elapsed = 00:00:37 . Memory (MB): peak = 1981.480 ; gain = 576.191
---------------------------------------------------------------------------------
Synthesis finished with 0 errors, 0 critical warnings and 13 warnings.
Synthesis Optimization Runtime : Time (s): cpu = 00:00:07 ; elapsed = 00:00:34 . Memory (MB): peak = 1981.480 ; gain = 499.703
Synthesis Optimization Complete : Time (s): cpu = 00:00:10 ; elapsed = 00:00:37 . Memory (MB): peak = 1981.480 ; gain = 576.191
INFO: [Project 1-571] Translating synthesized netlist
Netlist sorting complete. Time (s): cpu = 00:00:00 ; elapsed = 00:00:00 . Memory (MB): peak = 1981.480 ; gain = 0.000
INFO: [Project 1-570] Preparing netlist for logic optimization
INFO: [Opt 31-138] Pushed 0 inverter(s) to 0 load pin(s).
Netlist sorting complete. Time (s): cpu = 00:00:00 ; elapsed = 00:00:00 . Memory (MB): peak = 1981.480 ; gain = 0.000
INFO: [Project 1-111] Unisim Transformation Summary:
No Unisim elements were transformed.

Synth Design complete, checksum: 52ce7c2a
INFO: [Common 17-83] Releasing license: Synthesis
27 Infos, 71 Warnings, 49 Critical Warnings and 0 Errors encountered.
synth_design completed successfully
synth_design: Time (s): cpu = 00:00:11 ; elapsed = 00:00:44 . Memory (MB): peak = 1981.480 ; gain = 952.793
INFO: [runtcl-6] Synthesis results are not added to the cache due to CRITICAL_WARNING
INFO: [Common 17-1381] The checkpoint 'C:/Users/z434/OneDrive/Documents/Vivado Projects/COMPE470L/Lab_5/LAB5/LAB5.runs/synth_1/top.dcp' has been generated.
INFO: [runtcl-4] Executing : report_utilization -file top_utilization_synth.rpt -pb top_utilization_synth.pb
INFO: [Common 17-206] Exiting Vivado at Thu Oct  5 00:04:03 2023...
